<?xml version="1.0" encoding="UTF-8"?>
<!-- Generated by org.testng.reporters.JUnitReportReporter -->
<testsuite skipped="0" hostname="MDP3488" name="test.testBank" tests="11" failures="0" timestamp="2020-05-08T22:48:08 COT" time="4.120" errors="0">
  <testcase name="SelectGenero" time="0.060" classname="test.testBank"/>
  <testcase name="Confirmar" time="0.058" classname="test.testBank"/>
  <testcase name="IngresarFechNac" time="0.133" classname="test.testBank"/>
  <testcase name="IngresarApellidos" time="0.069" classname="test.testBank"/>
  <testcase name="IngresarConfirmPass" time="0.069" classname="test.testBank"/>
  <testcase name="IngresarCorreo" time="0.096" classname="test.testBank"/>
  <testcase name="IngresarRegistro" time="3.222" classname="test.testBank"/>
  <testcase name="IngresarNumSocial" time="0.074" classname="test.testBank"/>
  <testcase name="IngresarTitulo" time="0.188" classname="test.testBank"/>
  <testcase name="IngresarNombres" time="0.082" classname="test.testBank"/>
  <testcase name="IngresarPass" time="0.069" classname="test.testBank"/>
</testsuite> <!-- test.testBank -->
