<?xml version="1.0" encoding="UTF-8"?>
<!-- Generated by org.testng.reporters.JUnitReportReporter -->
<testsuite skipped="0" hostname="MDP3488" name="test.testNuevo" tests="2" failures="0" timestamp="2020-05-08T21:50:17 COT" time="3.931" errors="0">
  <testcase name="BuscarProducto" time="3.931" classname="test.testNuevo"/>
  <testcase name="test2" time="0.000" classname="test.testNuevo"/>
</testsuite> <!-- test.testNuevo -->
